2026-03-24 22:25:34,921  INFO  ==================================================
2026-03-24 22:25:34,922  INFO  GHE Watchdog started
2026-03-24 22:25:34,922  INFO  Monitoring: http://127.0.0.1:8080/health
2026-03-24 22:25:34,922  INFO  Check interval: 60s  |  Fail threshold: 3
2026-03-24 22:25:34,923  INFO  ==================================================
2026-03-24 22:25:34,924  INFO  Startup entry written to C:\Users\curti\AppData\Roaming\Microsoft\Windows\Start Menu\Programs\Startup\GHEWatchdog.vbs
2026-03-31 18:04:35,011  INFO  ==================================================
2026-03-31 18:04:35,012  INFO  GHE Watchdog started
2026-03-31 18:04:35,012  INFO  Monitoring: http://127.0.0.1:8080/health
2026-03-31 18:04:35,012  INFO  Check interval: 60s  |  Fail threshold: 3
2026-03-31 18:04:35,012  INFO  ==================================================
2026-03-31 18:04:35,051  INFO  Startup entry written to C:\Users\curti\AppData\Roaming\Microsoft\Windows\Start Menu\Programs\Startup\GHEWatchdog.vbs
2026-04-05 03:21:24,923  WARNING  Health check failed (1/3)
2026-04-16 08:19:15,115  INFO  ==================================================
2026-04-16 08:19:15,116  INFO  GHE Watchdog started
2026-04-16 08:19:15,116  INFO  Monitoring: http://127.0.0.1:8080/health
2026-04-16 08:19:15,117  INFO  Check interval: 60s  |  Fail threshold: 3
2026-04-16 08:19:15,117  INFO  ==================================================
2026-04-16 08:19:15,237  INFO  Startup entry written to C:\Users\curti\AppData\Roaming\Microsoft\Windows\Start Menu\Programs\Startup\GHEWatchdog.vbs
2026-04-28 17:26:17,069  INFO  ==================================================
2026-04-28 17:26:17,071  INFO  GHE Watchdog started
2026-04-28 17:26:17,071  INFO  Monitoring: http://127.0.0.1:8080/health
2026-04-28 17:26:17,071  INFO  Check interval: 60s  |  Fail threshold: 3
2026-04-28 17:26:17,071  INFO  ==================================================
2026-04-28 17:26:17,109  INFO  Startup entry written to C:\Users\curti\AppData\Roaming\Microsoft\Windows\Start Menu\Programs\Startup\GHEWatchdog.vbs
2026-04-28 17:57:08,988  INFO  ==================================================
2026-04-28 17:57:08,989  INFO  GHE Watchdog started
2026-04-28 17:57:08,989  INFO  Monitoring: http://127.0.0.1:8080/health
2026-04-28 17:57:08,989  INFO  Check interval: 60s  |  Fail threshold: 3
2026-04-28 17:57:08,989  INFO  ==================================================
2026-04-28 17:57:09,025  INFO  Startup entry written to C:\Users\curti\AppData\Roaming\Microsoft\Windows\Start Menu\Programs\Startup\GHEWatchdog.vbs
2026-04-28 18:56:37,532  INFO  ==================================================
2026-04-28 18:56:37,533  INFO  GHE Watchdog started
2026-04-28 18:56:37,533  INFO  Monitoring: http://127.0.0.1:8080/health
2026-04-28 18:56:37,533  INFO  Check interval: 60s  |  Fail threshold: 3
2026-04-28 18:56:37,533  INFO  ==================================================
2026-04-28 18:56:37,585  INFO  Startup entry written to C:\Users\curti\AppData\Roaming\Microsoft\Windows\Start Menu\Programs\Startup\GHEWatchdog.vbs
2026-04-28 19:02:56,864  INFO  ==================================================
2026-04-28 19:02:56,865  INFO  GHE Watchdog started
2026-04-28 19:02:56,865  INFO  Monitoring: http://127.0.0.1:8080/health
2026-04-28 19:02:56,866  INFO  Check interval: 60s  |  Fail threshold: 3
2026-04-28 19:02:56,866  INFO  ==================================================
2026-04-28 19:02:56,932  INFO  Startup entry written to C:\Users\curti\AppData\Roaming\Microsoft\Windows\Start Menu\Programs\Startup\GHEWatchdog.vbs
2026-04-28 19:16:15,300  INFO  ==================================================
2026-04-28 19:16:15,301  INFO  GHE Watchdog started
2026-04-28 19:16:15,301  INFO  Monitoring: http://127.0.0.1:8080/health
2026-04-28 19:16:15,301  INFO  Check interval: 60s  |  Fail threshold: 3
2026-04-28 19:16:15,301  INFO  ==================================================
2026-04-28 19:16:15,337  INFO  Startup entry written to C:\Users\curti\AppData\Roaming\Microsoft\Windows\Start Menu\Programs\Startup\GHEWatchdog.vbs
2026-04-28 19:22:58,876  INFO  ==================================================
2026-04-28 19:22:58,876  INFO  GHE Watchdog started
2026-04-28 19:22:58,876  INFO  Monitoring: http://127.0.0.1:8080/health
2026-04-28 19:22:58,877  INFO  Check interval: 60s  |  Fail threshold: 3
2026-04-28 19:22:58,877  INFO  ==================================================
2026-04-28 19:22:58,911  INFO  Startup entry written to C:\Users\curti\AppData\Roaming\Microsoft\Windows\Start Menu\Programs\Startup\GHEWatchdog.vbs
2026-04-29 00:19:18,916  INFO  ==================================================
2026-04-29 00:19:18,917  INFO  GHE Watchdog started
2026-04-29 00:19:18,917  INFO  Monitoring: http://127.0.0.1:8080/health
2026-04-29 00:19:18,917  INFO  Check interval: 60s  |  Fail threshold: 3
2026-04-29 00:19:18,917  INFO  ==================================================
2026-04-29 00:19:18,954  INFO  Startup entry written to C:\Users\curti\AppData\Roaming\Microsoft\Windows\Start Menu\Programs\Startup\GHEWatchdog.vbs
2026-04-29 00:47:51,048  INFO  ==================================================
2026-04-29 00:47:51,049  INFO  GHE Watchdog started
2026-04-29 00:47:51,049  INFO  Monitoring: http://127.0.0.1:8080/health
2026-04-29 00:47:51,049  INFO  Check interval: 60s  |  Fail threshold: 3
2026-04-29 00:47:51,050  INFO  ==================================================
2026-04-29 00:47:51,084  INFO  Startup entry written to C:\Users\curti\AppData\Roaming\Microsoft\Windows\Start Menu\Programs\Startup\GHEWatchdog.vbs
2026-04-29 00:50:26,145  INFO  ==================================================
2026-04-29 00:50:26,145  INFO  GHE Watchdog started
2026-04-29 00:50:26,145  INFO  Monitoring: http://127.0.0.1:8080/health
2026-04-29 00:50:26,145  INFO  Check interval: 60s  |  Fail threshold: 3
2026-04-29 00:50:26,145  INFO  ==================================================
2026-04-29 00:50:26,185  INFO  Startup entry written to C:\Users\curti\AppData\Roaming\Microsoft\Windows\Start Menu\Programs\Startup\GHEWatchdog.vbs
2026-04-29 00:54:43,195  INFO  ==================================================
2026-04-29 00:54:43,195  INFO  GHE Watchdog started
2026-04-29 00:54:43,195  INFO  Monitoring: http://127.0.0.1:8080/health
2026-04-29 00:54:43,195  INFO  Check interval: 60s  |  Fail threshold: 3
2026-04-29 00:54:43,195  INFO  ==================================================
2026-04-29 00:54:43,228  INFO  Startup entry written to C:\Users\curti\AppData\Roaming\Microsoft\Windows\Start Menu\Programs\Startup\GHEWatchdog.vbs
